d:\programacion\practicas\practica 4\tema4inicial_vs19x64\tmp\debug\vc142.pdb
d:\programacion\practicas\practica 4\tema4inicial_vs19x64\tmp\debug\vc142.idb
d:\programacion\practicas\practica 4\tema4inicial_vs19x64\tmp\debug\vector2d.obj
d:\programacion\practicas\practica 4\tema4inicial_vs19x64\tmp\debug\pared.obj
d:\programacion\practicas\practica 4\tema4inicial_vs19x64\tmp\debug\hombre.obj
d:\programacion\practicas\practica 4\tema4inicial_vs19x64\tmp\debug\esfera.obj
d:\programacion\practicas\practica 4\tema4inicial_vs19x64\tmp\debug\disparo.obj
d:\programacion\practicas\practica 4\tema4inicial_vs19x64\tmp\debug\caja.obj
d:\programacion\practicas\practica 4\tema4inicial_vs19x64\tmp\debug\bonus.obj
d:\programacion\practicas\practica 4\tema4inicial_vs19x64\tmp\debug\pang.obj
d:\programacion\practicas\practica 4\tema4inicial_vs19x64\tmp\debug\mundo.obj
d:\programacion\practicas\practica 4\tema4inicial_vs19x64\tmp\debug\interaccion.obj
d:\programacion\practicas\practica 5\tema4inicial_vs19x64\tmp\debug\vc142.pdb
d:\programacion\practicas\practica 5\tema4inicial_vs19x64\tmp\debug\vc142.idb
d:\programacion\practicas\practica 5\tema4inicial_vs19x64\tmp\debug\vector2d.obj
d:\programacion\practicas\practica 5\tema4inicial_vs19x64\tmp\debug\pared.obj
d:\programacion\practicas\practica 5\tema4inicial_vs19x64\tmp\debug\pang.obj
d:\programacion\practicas\practica 5\tema4inicial_vs19x64\tmp\debug\mundo.obj
d:\programacion\practicas\practica 5\tema4inicial_vs19x64\tmp\debug\listaesferas.obj
d:\programacion\practicas\practica 5\tema4inicial_vs19x64\tmp\debug\interaccion.obj
d:\programacion\practicas\practica 5\tema4inicial_vs19x64\tmp\debug\hombre.obj
d:\programacion\practicas\practica 5\tema4inicial_vs19x64\tmp\debug\esfera.obj
d:\programacion\practicas\practica 5\tema4inicial_vs19x64\tmp\debug\disparo.obj
d:\programacion\practicas\practica 5\tema4inicial_vs19x64\tmp\debug\caja.obj
d:\programacion\practicas\practica 5\tema4inicial_vs19x64\tmp\debug\bonus.obj
d:\programacion\practicas\practica 5\tema4inicial_vs19x64\tmp\debug\listadisparos.obj
d:\programacion\practicas\practica 5\tema4inicial_vs19x64\tmp\debug\objetomovil.obj
d:\programacion\practicas\practica 5\tema4inicial_vs19x64\tmp\debug\esferapulsante.obj
d:\programacion\practicas\practica 4\tema4inicial_vs19x64\bin\pang.exe
d:\programacion\practicas\practica 4\tema4inicial_vs19x64\bin\pang.ilk
d:\programacion\practicas\practica 4\tema4inicial_vs19x64\bin\pang.pdb
d:\programacion\practicas\practica 5\tema4inicial_vs19x64\bin\pang.exe
d:\programacion\practicas\practica 5\tema4inicial_vs19x64\bin\pang.ilk
d:\programacion\practicas\practica 5\tema4inicial_vs19x64\bin\pang.pdb
d:\programacion\practicas\practica 5\tema4inicial_vs19x64\tmp\debug\pang.tlog\cl.command.1.tlog
d:\programacion\practicas\practica 5\tema4inicial_vs19x64\tmp\debug\pang.tlog\cl.read.1.tlog
d:\programacion\practicas\practica 5\tema4inicial_vs19x64\tmp\debug\pang.tlog\cl.write.1.tlog
d:\programacion\practicas\practica 5\tema4inicial_vs19x64\tmp\debug\pang.tlog\link.command.1.tlog
d:\programacion\practicas\practica 5\tema4inicial_vs19x64\tmp\debug\pang.tlog\link.read.1.tlog
d:\programacion\practicas\practica 5\tema4inicial_vs19x64\tmp\debug\pang.tlog\link.write.1.tlog
