  Caja.cpp
  CoordinadorPang.cpp
D:\TRABAJOS SED\GitHub\TrabajoInfo\tema4inicial_VS19x64\src\CoordinadorPang.cpp(31,29): warning C4244: 'argumento': conversión de 'double' a 'int'; posible pérdida de datos
  Disparo.cpp
  DisparoEspecial.cpp
  Esfera.cpp
D:\TRABAJOS SED\GitHub\TrabajoInfo\tema4inicial_VS19x64\src\Esfera.cpp(20,20): warning C4305: '=': truncamiento de 'double' a 'float'
  EsferaPulsante.cpp
D:\TRABAJOS SED\GitHub\TrabajoInfo\tema4inicial_VS19x64\src\EsferaPulsante.cpp(17,18): warning C4244: '=': conversión de 'float' a 'Byte'; posible pérdida de datos
D:\TRABAJOS SED\GitHub\TrabajoInfo\tema4inicial_VS19x64\src\EsferaPulsante.cpp(18,16): warning C4244: '=': conversión de 'float' a 'Byte'; posible pérdida de datos
D:\TRABAJOS SED\GitHub\TrabajoInfo\tema4inicial_VS19x64\src\EsferaPulsante.cpp(19,16): warning C4244: '=': conversión de 'float' a 'Byte'; posible pérdida de datos
  Hombre.cpp
  Interaccion.cpp
D:\TRABAJOS SED\GitHub\TrabajoInfo\tema4inicial_VS19x64\src\Interaccion.cpp(39,14): warning C4244: 'inicializando': conversión de 'double' a 'float'; posible pérdida de datos
D:\TRABAJOS SED\GitHub\TrabajoInfo\tema4inicial_VS19x64\src\Interaccion.cpp(40,14): warning C4244: 'inicializando': conversión de 'double' a 'float'; posible pérdida de datos
  ListaDisparos.cpp
  ListaEsferas.cpp
  Mundo.cpp
D:\TRABAJOS SED\GitHub\TrabajoInfo\tema4inicial_VS19x64\src\Mundo.cpp(22,2): error C2065: 'bonus': identificador no declarado
D:\TRABAJOS SED\GitHub\TrabajoInfo\tema4inicial_VS19x64\src\Mundo.cpp(45,2): error C2065: 'bonus': identificador no declarado
D:\TRABAJOS SED\GitHub\TrabajoInfo\tema4inicial_VS19x64\src\Mundo.cpp(88,2): error C2065: 'bonus': identificador no declarado
D:\TRABAJOS SED\GitHub\TrabajoInfo\tema4inicial_VS19x64\src\Mundo.cpp(101,50): warning C4244: 'argumento': conversión de 'int' a 'float'; posible pérdida de datos
D:\TRABAJOS SED\GitHub\TrabajoInfo\tema4inicial_VS19x64\src\Mundo.cpp(101,48): warning C4244: 'argumento': conversión de 'int' a 'float'; posible pérdida de datos
D:\TRABAJOS SED\GitHub\TrabajoInfo\tema4inicial_VS19x64\src\Mundo.cpp(101,45): warning C4244: 'argumento': conversión de 'int' a 'float'; posible pérdida de datos
D:\TRABAJOS SED\GitHub\TrabajoInfo\tema4inicial_VS19x64\src\Mundo.cpp(101,42): warning C4244: 'argumento': conversión de 'int' a 'float'; posible pérdida de datos
  ObjetoMovil.cpp
  Pang.cpp
  Pared.cpp
  Vector2D.cpp
  Generando código...
